<?xml version="1.0" encoding="UTF-8"?>
<testsuite name="com.petrov.orders.OrdersApplicationTests" tests="1" skipped="0" failures="0" errors="0" timestamp="2024-06-03T09:41:33" hostname="DESKTOP-17MFH8V" time="1.259">
  <properties/>
  <testcase name="contextLoads()" classname="com.petrov.orders.OrdersApplicationTests" time="1.259"/>
  <system-out><![CDATA[12:41:29.938 [Test worker] INFO org.springframework.test.context.support.AnnotationConfigContextLoaderUtils -- Could not detect default configuration classes for test class [com.petrov.orders.OrdersApplicationTests]: OrdersApplicationTests does not declare any static, non-private, non-final, nested classes annotated with @Configuration.
12:41:30.172 [Test worker] INFO org.springframework.boot.test.context.SpringBootTestContextBootstrapper -- Found @SpringBootConfiguration com.petrov.orders.OrdersApplication for test class com.petrov.orders.OrdersApplicationTests
  .   ____          _            __ _ _
 /\\ / ___'_ __ _ _(_)_ __  __ _ \ \ \ \
( ( )\___ | '_ | '_| | '_ \/ _` | \ \ \ \
 \\/  ___)| |_)| | | | | || (_| |  ) ) ) )
  '  |____| .__|_| |_|_| |_\__, | / / / /
 =========|_|==============|___/=/_/_/_/

 :: Spring Boot ::                (v3.3.0)

2024-06-03T12:41:30.970+03:00  INFO 15116 --- [    Test worker] c.petrov.orders.OrdersApplicationTests   : Starting OrdersApplicationTests using Java 17.0.10 with PID 15116 (started by 1 in C:\Users\1\IdeaProjects\orders)
2024-06-03T12:41:30.972+03:00  INFO 15116 --- [    Test worker] c.petrov.orders.OrdersApplicationTests   : No active profile set, falling back to 1 default profile: "default"
2024-06-03T12:41:33.318+03:00  INFO 15116 --- [    Test worker] c.petrov.orders.OrdersApplicationTests   : Started OrdersApplicationTests in 2.838 seconds (process running for 4.836)
]]></system-out>
  <system-err><![CDATA[]]></system-err>
</testsuite>
